<?xml version="1.0" encoding="UTF-8"?>
<coverage generated="1677162535169" clover="3.2.0">
  <project timestamp="1677162535170" name="All files">
    <metrics statements="39" coveredstatements="39" conditionals="14" coveredconditionals="14" methods="7" coveredmethods="7" elements="60" coveredelements="60" complexity="0" loc="39" ncloc="39" packages="1" files="2" classes="2"/>
    <file name="account.js" path="/Users/rachelnewby/Projects/Makers/week-10/bank-tech-test/lib/account.js">
      <metrics statements="21" coveredstatements="21" conditionals="8" coveredconditionals="8" methods="4" coveredmethods="4"/>
      <line num="3" count="24" type="stmt"/>
      <line num="4" count="24" type="stmt"/>
      <line num="8" count="21" type="stmt"/>
      <line num="9" count="18" type="stmt"/>
      <line num="10" count="17" type="stmt"/>
      <line num="11" count="17" type="stmt"/>
      <line num="12" count="17" type="stmt"/>
      <line num="16" count="15" type="stmt"/>
      <line num="17" count="12" type="stmt"/>
      <line num="18" count="11" type="cond" truecount="2" falsecount="0"/>
      <line num="19" count="9" type="stmt"/>
      <line num="20" count="9" type="stmt"/>
      <line num="21" count="9" type="stmt"/>
      <line num="25" count="17" type="stmt"/>
      <line num="29" count="36" type="cond" truecount="2" falsecount="0"/>
      <line num="33" count="30" type="stmt"/>
      <line num="34" count="30" type="cond" truecount="2" falsecount="0"/>
      <line num="35" count="8" type="stmt"/>
      <line num="36" count="8" type="stmt"/>
      <line num="37" count="8" type="cond" truecount="2" falsecount="0"/>
      <line num="42" count="2" type="stmt"/>
    </file>
    <file name="statement.js" path="/Users/rachelnewby/Projects/Makers/week-10/bank-tech-test/lib/statement.js">
      <metrics statements="18" coveredstatements="18" conditionals="6" coveredconditionals="6" methods="3" coveredmethods="3"/>
      <line num="3" count="18" type="stmt"/>
      <line num="7" count="15" type="cond" truecount="2" falsecount="0"/>
      <line num="8" count="13" type="stmt"/>
      <line num="9" count="13" type="stmt"/>
      <line num="10" count="26" type="stmt"/>
      <line num="11" count="26" type="stmt"/>
      <line num="13" count="13" type="stmt"/>
      <line num="14" count="13" type="stmt"/>
      <line num="15" count="13" type="stmt"/>
      <line num="19" count="26" type="stmt"/>
      <line num="20" count="26" type="stmt"/>
      <line num="21" count="26" type="stmt"/>
      <line num="22" count="26" type="cond" truecount="2" falsecount="0"/>
      <line num="23" count="26" type="stmt"/>
      <line num="27" count="78" type="cond" truecount="2" falsecount="0"/>
      <line num="28" count="52" type="stmt"/>
      <line num="29" count="52" type="stmt"/>
      <line num="33" count="2" type="stmt"/>
    </file>
  </project>
</coverage>
