{"/Users/rachelnewby/Projects/Makers/week-10/bank-tech-test/lib/account.js": {"path":"/Users/rachelnewby/Projects/Makers/week-10/bank-tech-test/lib/account.js","statementMap":{"0":{"start":{"line":3,"column":4},"end":{"line":3,"column":20}},"1":{"start":{"line":4,"column":4},"end":{"line":4,"column":29}},"2":{"start":{"line":8,"column":4},"end":{"line":8,"column":37}},"3":{"start":{"line":9,"column":4},"end":{"line":9,"column":44}},"4":{"start":{"line":10,"column":4},"end":{"line":10,"column":27}},"5":{"start":{"line":11,"column":21},"end":{"line":16,"column":5}},"6":{"start":{"line":17,"column":4},"end":{"line":17,"column":41}},"7":{"start":{"line":21,"column":4},"end":{"line":21,"column":37}},"8":{"start":{"line":22,"column":4},"end":{"line":22,"column":44}},"9":{"start":{"line":23,"column":4},"end":{"line":23,"column":57}},"10":{"start":{"line":23,"column":31},"end":{"line":23,"column":57}},"11":{"start":{"line":24,"column":4},"end":{"line":24,"column":27}},"12":{"start":{"line":25,"column":24},"end":{"line":30,"column":5}},"13":{"start":{"line":31,"column":4},"end":{"line":31,"column":44}},"14":{"start":{"line":35,"column":4},"end":{"line":35,"column":32}},"15":{"start":{"line":39,"column":4},"end":{"line":39,"column":66}},"16":{"start":{"line":39,"column":35},"end":{"line":39,"column":66}},"17":{"start":{"line":43,"column":27},"end":{"line":43,"column":43}},"18":{"start":{"line":44,"column":4},"end":{"line":48,"column":5}},"19":{"start":{"line":45,"column":27},"end":{"line":45,"column":54}},"20":{"start":{"line":46,"column":35},"end":{"line":46,"column":71}},"21":{"start":{"line":47,"column":6},"end":{"line":47,"column":95}},"22":{"start":{"line":47,"column":45},"end":{"line":47,"column":95}},"23":{"start":{"line":52,"column":0},"end":{"line":52,"column":25}}},"fnMap":{"0":{"name":"(anonymous_0)","decl":{"start":{"line":2,"column":2},"end":{"line":2,"column":3}},"loc":{"start":{"line":2,"column":16},"end":{"line":5,"column":3}},"line":2},"1":{"name":"(anonymous_1)","decl":{"start":{"line":7,"column":2},"end":{"line":7,"column":3}},"loc":{"start":{"line":7,"column":18},"end":{"line":18,"column":3}},"line":7},"2":{"name":"(anonymous_2)","decl":{"start":{"line":20,"column":2},"end":{"line":20,"column":3}},"loc":{"start":{"line":20,"column":19},"end":{"line":32,"column":3}},"line":20},"3":{"name":"(anonymous_3)","decl":{"start":{"line":34,"column":2},"end":{"line":34,"column":3}},"loc":{"start":{"line":34,"column":23},"end":{"line":36,"column":3}},"line":34}},"branchMap":{"0":{"loc":{"start":{"line":23,"column":4},"end":{"line":23,"column":57}},"type":"if","locations":[{"start":{"line":23,"column":4},"end":{"line":23,"column":57}},{"start":{},"end":{}}],"line":23},"1":{"loc":{"start":{"line":39,"column":4},"end":{"line":39,"column":66}},"type":"if","locations":[{"start":{"line":39,"column":4},"end":{"line":39,"column":66}},{"start":{},"end":{}}],"line":39},"2":{"loc":{"start":{"line":44,"column":4},"end":{"line":48,"column":5}},"type":"if","locations":[{"start":{"line":44,"column":4},"end":{"line":48,"column":5}},{"start":{},"end":{}}],"line":44},"3":{"loc":{"start":{"line":47,"column":6},"end":{"line":47,"column":95}},"type":"if","locations":[{"start":{"line":47,"column":6},"end":{"line":47,"column":95}},{"start":{},"end":{}}],"line":47}},"s":{"0":24,"1":24,"2":21,"3":18,"4":17,"5":17,"6":17,"7":15,"8":12,"9":11,"10":2,"11":9,"12":9,"13":9,"14":17,"15":36,"16":6,"17":30,"18":30,"19":8,"20":8,"21":8,"22":2,"23":2},"f":{"0":24,"1":21,"2":15,"3":17},"b":{"0":[2,9],"1":[6,30],"2":[8,22],"3":[2,6]},"_coverageSchema":"1a1c01bbd47fc00a2c39e90264f33305004495a9","hash":"4b085da27e80cccb4e6b77ff715118ee264b78e4"}
,"/Users/rachelnewby/Projects/Makers/week-10/bank-tech-test/lib/statement.js": {"path":"/Users/rachelnewby/Projects/Makers/week-10/bank-tech-test/lib/statement.js","statementMap":{"0":{"start":{"line":3,"column":4},"end":{"line":3,"column":48}},"1":{"start":{"line":7,"column":4},"end":{"line":7,"column":72}},"2":{"start":{"line":7,"column":35},"end":{"line":7,"column":70}},"3":{"start":{"line":8,"column":27},"end":{"line":8,"column":29}},"4":{"start":{"line":9,"column":4},"end":{"line":12,"column":6}},"5":{"start":{"line":10,"column":30},"end":{"line":10,"column":216}},"6":{"start":{"line":11,"column":6},"end":{"line":11,"column":44}},"7":{"start":{"line":13,"column":29},"end":{"line":13,"column":53}},"8":{"start":{"line":14,"column":4},"end":{"line":14,"column":66}},"9":{"start":{"line":15,"column":4},"end":{"line":15,"column":38}},"10":{"start":{"line":19,"column":16},"end":{"line":19,"column":30}},"11":{"start":{"line":20,"column":30},"end":{"line":20,"column":49}},"12":{"start":{"line":21,"column":17},"end":{"line":21,"column":35}},"13":{"start":{"line":22,"column":4},"end":{"line":22,"column":98}},"14":{"start":{"line":23,"column":4},"end":{"line":23,"column":41}},"15":{"start":{"line":27,"column":4},"end":{"line":27,"column":40}},"16":{"start":{"line":27,"column":25},"end":{"line":27,"column":38}},"17":{"start":{"line":28,"column":28},"end":{"line":28,"column":64}},"18":{"start":{"line":29,"column":4},"end":{"line":29,"column":31}},"19":{"start":{"line":33,"column":0},"end":{"line":33,"column":27}}},"fnMap":{"0":{"name":"(anonymous_0)","decl":{"start":{"line":2,"column":2},"end":{"line":2,"column":3}},"loc":{"start":{"line":2,"column":23},"end":{"line":4,"column":3}},"line":2},"1":{"name":"(anonymous_1)","decl":{"start":{"line":6,"column":2},"end":{"line":6,"column":3}},"loc":{"start":{"line":6,"column":10},"end":{"line":16,"column":3}},"line":6},"2":{"name":"(anonymous_2)","decl":{"start":{"line":9,"column":25},"end":{"line":9,"column":26}},"loc":{"start":{"line":9,"column":40},"end":{"line":12,"column":5}},"line":9}},"branchMap":{"0":{"loc":{"start":{"line":7,"column":4},"end":{"line":7,"column":72}},"type":"if","locations":[{"start":{"line":7,"column":4},"end":{"line":7,"column":72}},{"start":{},"end":{}}],"line":7},"1":{"loc":{"start":{"line":22,"column":4},"end":{"line":22,"column":98}},"type":"cond-expr","locations":[{"start":{"line":22,"column":29},"end":{"line":22,"column":65}},{"start":{"line":22,"column":68},"end":{"line":22,"column":98}}],"line":22},"2":{"loc":{"start":{"line":27,"column":4},"end":{"line":27,"column":40}},"type":"if","locations":[{"start":{"line":27,"column":4},"end":{"line":27,"column":40}},{"start":{},"end":{}}],"line":27}},"s":{"0":18,"1":15,"2":2,"3":13,"4":13,"5":26,"6":26,"7":13,"8":13,"9":13,"10":26,"11":26,"12":26,"13":26,"14":26,"15":78,"16":26,"17":52,"18":52,"19":2},"f":{"0":18,"1":15,"2":26},"b":{"0":[2,13],"1":[25,1],"2":[26,52]},"_coverageSchema":"1a1c01bbd47fc00a2c39e90264f33305004495a9","hash":"f82c64098e24bb3da7d010fc9edbf029593fe006"}
}
