TN:
SF:lib/account.js
FN:2,(anonymous_0)
FN:7,(anonymous_1)
FN:20,(anonymous_2)
FN:34,(anonymous_3)
FN:38,(anonymous_4)
FNF:5
FNH:5
FNDA:25,(anonymous_0)
FNDA:21,(anonymous_1)
FNDA:15,(anonymous_2)
FNDA:6,(anonymous_3)
FNDA:12,(anonymous_4)
DA:3,25
DA:4,25
DA:8,21
DA:9,18
DA:10,17
DA:11,17
DA:17,17
DA:21,15
DA:22,12
DA:23,11
DA:24,9
DA:25,9
DA:31,9
DA:35,6
DA:39,12
DA:43,36
DA:47,30
DA:48,30
DA:49,8
DA:50,8
DA:51,8
DA:56,2
LF:22
LH:22
BRDA:23,0,0,2
BRDA:23,0,1,9
BRDA:43,1,0,6
BRDA:43,1,1,30
BRDA:48,2,0,8
BRDA:48,2,1,22
BRDA:51,3,0,2
BRDA:51,3,1,6
BRF:8
BRH:8
end_of_record
TN:
SF:lib/statement.js
FN:2,(anonymous_0)
FN:6,(anonymous_1)
FN:10,(anonymous_2)
FNF:3
FNH:3
FNDA:13,(anonymous_0)
FNDA:10,(anonymous_1)
FNDA:19,(anonymous_2)
DA:3,13
DA:7,10
DA:8,10
DA:9,8
DA:10,8
DA:11,19
DA:12,19
DA:14,8
DA:15,8
DA:16,8
DA:20,19
DA:21,19
DA:22,19
DA:23,19
DA:24,19
DA:25,0
DA:26,19
DA:30,57
DA:31,38
DA:32,38
DA:33,11
DA:34,11
DA:35,11
DA:36,4
DA:37,7
DA:38,4
DA:39,3
DA:40,3
DA:41,3
DA:42,3
DA:45,27
DA:49,2
LF:32
LH:31
BRDA:8,0,0,2
BRDA:8,0,1,8
BRDA:23,1,0,19
BRDA:23,1,1,0
BRDA:30,2,0,19
BRDA:30,2,1,38
BRDA:32,3,0,11
BRDA:32,3,1,27
BRDA:35,4,0,4
BRDA:35,4,1,7
BRDA:37,5,0,4
BRDA:37,5,1,3
BRDA:39,6,0,3
BRDA:39,6,1,0
BRF:14
BRH:12
end_of_record
