TN:
SF:lib/account.js
FN:2,(anonymous_0)
FN:7,(anonymous_1)
FN:20,(anonymous_2)
FN:34,(anonymous_3)
FN:38,(anonymous_4)
FNF:5
FNH:5
FNDA:25,(anonymous_0)
FNDA:21,(anonymous_1)
FNDA:15,(anonymous_2)
FNDA:6,(anonymous_3)
FNDA:12,(anonymous_4)
DA:3,25
DA:4,25
DA:8,21
DA:9,18
DA:10,17
DA:11,17
DA:17,17
DA:21,15
DA:22,12
DA:23,11
DA:24,9
DA:25,9
DA:31,9
DA:35,6
DA:39,12
DA:43,36
DA:47,30
DA:48,30
DA:49,8
DA:50,8
DA:51,8
DA:56,2
LF:22
LH:22
BRDA:23,0,0,2
BRDA:23,0,1,9
BRDA:43,1,0,6
BRDA:43,1,1,30
BRDA:48,2,0,8
BRDA:48,2,1,22
BRDA:51,3,0,2
BRDA:51,3,1,6
BRF:8
BRH:8
end_of_record
TN:
SF:lib/statement.js
FN:2,(anonymous_0)
FN:6,(anonymous_1)
FN:10,(anonymous_2)
FNF:3
FNH:3
FNDA:17,(anonymous_0)
FNDA:14,(anonymous_1)
FNDA:25,(anonymous_2)
DA:3,17
DA:7,14
DA:8,14
DA:9,12
DA:10,12
DA:11,25
DA:12,25
DA:14,12
DA:15,12
DA:16,12
DA:20,25
DA:21,25
DA:22,25
DA:23,25
DA:24,24
DA:25,1
DA:26,25
DA:30,75
DA:31,50
DA:32,50
DA:33,20
DA:34,20
DA:35,20
DA:36,9
DA:37,11
DA:38,6
DA:39,5
DA:40,5
DA:41,5
DA:42,5
DA:45,30
DA:49,2
LF:32
LH:32
BRDA:8,0,0,2
BRDA:8,0,1,12
BRDA:23,1,0,24
BRDA:23,1,1,1
BRDA:30,2,0,25
BRDA:30,2,1,50
BRDA:32,3,0,20
BRDA:32,3,1,30
BRDA:35,4,0,9
BRDA:35,4,1,11
BRDA:37,5,0,6
BRDA:37,5,1,5
BRDA:39,6,0,5
BRDA:39,6,1,0
BRF:14
BRH:13
end_of_record
